[0.121s] DEBUG:colcon:Command line arguments: ['/usr/bin/colcon', 'build']
[0.121s] DEBUG:colcon:Parsed command line arguments: Namespace(log_base=None, log_level=None, verb_name='build', build_base='build', install_base='install', merge_install=False, symlink_install=False, test_result_base=None, continue_on_error=False, executor='parallel', parallel_workers=12, event_handlers=None, ignore_user_meta=False, metas=['./colcon.meta'], base_paths=['.'], packages_ignore=None, packages_ignore_regex=None, paths=None, packages_up_to=None, packages_up_to_regex=None, packages_above=None, packages_above_and_dependencies=None, packages_above_depth=None, packages_select_by_dep=None, packages_skip_by_dep=None, packages_skip_up_to=None, packages_select_build_failed=False, packages_skip_build_finished=False, packages_select_test_failures=False, packages_skip_test_passed=False, packages_select=None, packages_skip=None, packages_select_regex=None, packages_skip_regex=None, packages_start=None, packages_end=None, cmake_args=None, cmake_target=None, cmake_target_skip_unavailable=False, cmake_clean_cache=False, cmake_clean_first=False, cmake_force_configure=False, ament_cmake_args=None, catkin_cmake_args=None, catkin_skip_building_tests=False, verb_parser=<colcon_defaults.argument_parser.defaults.DefaultArgumentsDecorator object at 0x797eda0f9100>, verb_extension=<colcon_core.verb.build.BuildVerb object at 0x797eda01deb0>, main=<bound method BuildVerb.main of <colcon_core.verb.build.BuildVerb object at 0x797eda01deb0>>)
[0.175s] Level 1:colcon.colcon_core.package_discovery:discover_packages(colcon_meta) check parameters
[0.175s] Level 1:colcon.colcon_core.package_discovery:discover_packages(recursive) check parameters
[0.175s] Level 1:colcon.colcon_core.package_discovery:discover_packages(ignore) check parameters
[0.175s] Level 1:colcon.colcon_core.package_discovery:discover_packages(path) check parameters
[0.175s] Level 1:colcon.colcon_core.package_discovery:discover_packages(colcon_meta) discover
[0.175s] Level 1:colcon.colcon_core.package_discovery:discover_packages(recursive) discover
[0.175s] INFO:colcon.colcon_core.package_discovery:Crawling recursively for packages in '/home/david-wang/Desktop/Projects/Wisconsin Robotics/ros2_ws'
[0.175s] Level 1:colcon.colcon_core.package_identification:_identify(.) by extensions ['ignore', 'ignore_ament_install']
[0.175s] Level 1:colcon.colcon_core.package_identification:_identify(.) by extension 'ignore'
[0.176s] Level 1:colcon.colcon_core.package_identification:_identify(.) by extension 'ignore_ament_install'
[0.176s] Level 1:colcon.colcon_core.package_identification:_identify(.) by extensions ['colcon_pkg']
[0.176s] Level 1:colcon.colcon_core.package_identification:_identify(.) by extension 'colcon_pkg'
[0.176s] Level 1:colcon.colcon_core.package_identification:_identify(.) by extensions ['colcon_meta']
[0.176s] Level 1:colcon.colcon_core.package_identification:_identify(.) by extension 'colcon_meta'
[0.176s] Level 1:colcon.colcon_core.package_identification:_identify(.) by extensions ['ros']
[0.176s] Level 1:colcon.colcon_core.package_identification:_identify(.) by extension 'ros'
[0.206s] Level 1:colcon.colcon_core.package_identification:_identify(.) by extensions ['cmake', 'python']
[0.206s] Level 1:colcon.colcon_core.package_identification:_identify(.) by extension 'cmake'
[0.206s] Level 1:colcon.colcon_core.package_identification:_identify(.) by extension 'python'
[0.206s] Level 1:colcon.colcon_core.package_identification:_identify(.) by extensions ['python_setup_py']
[0.206s] Level 1:colcon.colcon_core.package_identification:_identify(.) by extension 'python_setup_py'
[0.206s] Level 1:colcon.colcon_core.package_identification:_identify(build) by extensions ['ignore', 'ignore_ament_install']
[0.206s] Level 1:colcon.colcon_core.package_identification:_identify(build) by extension 'ignore'
[0.206s] Level 1:colcon.colcon_core.package_identification:_identify(build) ignored
[0.207s] Level 1:colcon.colcon_core.package_identification:_identify(install) by extensions ['ignore', 'ignore_ament_install']
[0.207s] Level 1:colcon.colcon_core.package_identification:_identify(install) by extension 'ignore'
[0.207s] Level 1:colcon.colcon_core.package_identification:_identify(install) ignored
[0.207s] Level 1:colcon.colcon_core.package_identification:_identify(log) by extensions ['ignore', 'ignore_ament_install']
[0.207s] Level 1:colcon.colcon_core.package_identification:_identify(log) by extension 'ignore'
[0.207s] Level 1:colcon.colcon_core.package_identification:_identify(log) ignored
[0.207s] Level 1:colcon.colcon_core.package_identification:_identify(src) by extensions ['ignore', 'ignore_ament_install']
[0.207s] Level 1:colcon.colcon_core.package_identification:_identify(src) by extension 'ignore'
[0.207s] Level 1:colcon.colcon_core.package_identification:_identify(src) by extension 'ignore_ament_install'
[0.207s] Level 1:colcon.colcon_core.package_identification:_identify(src) by extensions ['colcon_pkg']
[0.207s] Level 1:colcon.colcon_core.package_identification:_identify(src) by extension 'colcon_pkg'
[0.207s] Level 1:colcon.colcon_core.package_identification:_identify(src) by extensions ['colcon_meta']
[0.207s] Level 1:colcon.colcon_core.package_identification:_identify(src) by extension 'colcon_meta'
[0.207s] Level 1:colcon.colcon_core.package_identification:_identify(src) by extensions ['ros']
[0.207s] Level 1:colcon.colcon_core.package_identification:_identify(src) by extension 'ros'
[0.207s] Level 1:colcon.colcon_core.package_identification:_identify(src) by extensions ['cmake', 'python']
[0.207s] Level 1:colcon.colcon_core.package_identification:_identify(src) by extension 'cmake'
[0.208s] Level 1:colcon.colcon_core.package_identification:_identify(src) by extension 'python'
[0.208s] Level 1:colcon.colcon_core.package_identification:_identify(src) by extensions ['python_setup_py']
[0.208s] Level 1:colcon.colcon_core.package_identification:_identify(src) by extension 'python_setup_py'
[0.208s] Level 1:colcon.colcon_core.package_identification:_identify(src/custom_msgs_srvs) by extensions ['ignore', 'ignore_ament_install']
[0.208s] Level 1:colcon.colcon_core.package_identification:_identify(src/custom_msgs_srvs) by extension 'ignore'
[0.208s] Level 1:colcon.colcon_core.package_identification:_identify(src/custom_msgs_srvs) by extension 'ignore_ament_install'
[0.208s] Level 1:colcon.colcon_core.package_identification:_identify(src/custom_msgs_srvs) by extensions ['colcon_pkg']
[0.208s] Level 1:colcon.colcon_core.package_identification:_identify(src/custom_msgs_srvs) by extension 'colcon_pkg'
[0.208s] Level 1:colcon.colcon_core.package_identification:_identify(src/custom_msgs_srvs) by extensions ['colcon_meta']
[0.208s] Level 1:colcon.colcon_core.package_identification:_identify(src/custom_msgs_srvs) by extension 'colcon_meta'
[0.208s] Level 1:colcon.colcon_core.package_identification:_identify(src/custom_msgs_srvs) by extensions ['ros']
[0.208s] Level 1:colcon.colcon_core.package_identification:_identify(src/custom_msgs_srvs) by extension 'ros'
[0.210s] DEBUG:colcon.colcon_core.package_identification:Package 'src/custom_msgs_srvs' with type 'ros.ament_cmake' and name 'custom_msgs_srvs'
[0.211s] Level 1:colcon.colcon_core.package_identification:_identify(src/object_detection_package) by extensions ['ignore', 'ignore_ament_install']
[0.211s] Level 1:colcon.colcon_core.package_identification:_identify(src/object_detection_package) by extension 'ignore'
[0.211s] Level 1:colcon.colcon_core.package_identification:_identify(src/object_detection_package) by extension 'ignore_ament_install'
[0.211s] Level 1:colcon.colcon_core.package_identification:_identify(src/object_detection_package) by extensions ['colcon_pkg']
[0.211s] Level 1:colcon.colcon_core.package_identification:_identify(src/object_detection_package) by extension 'colcon_pkg'
[0.211s] Level 1:colcon.colcon_core.package_identification:_identify(src/object_detection_package) by extensions ['colcon_meta']
[0.211s] Level 1:colcon.colcon_core.package_identification:_identify(src/object_detection_package) by extension 'colcon_meta'
[0.211s] Level 1:colcon.colcon_core.package_identification:_identify(src/object_detection_package) by extensions ['ros']
[0.211s] Level 1:colcon.colcon_core.package_identification:_identify(src/object_detection_package) by extension 'ros'
[0.212s] DEBUG:colcon.colcon_core.package_identification:Package 'src/object_detection_package' with type 'ros.ament_python' and name 'object_detection_package'
[0.212s] Level 1:colcon.colcon_core.package_discovery:discover_packages(recursive) using defaults
[0.212s] Level 1:colcon.colcon_core.package_discovery:discover_packages(ignore) discover
[0.212s] Level 1:colcon.colcon_core.package_discovery:discover_packages(ignore) using defaults
[0.212s] Level 1:colcon.colcon_core.package_discovery:discover_packages(path) discover
[0.212s] Level 1:colcon.colcon_core.package_discovery:discover_packages(path) using defaults
[0.230s] Level 5:colcon.colcon_core.verb:set package 'custom_msgs_srvs' build argument 'cmake_args' from command line to 'None'
[0.230s] Level 5:colcon.colcon_core.verb:set package 'custom_msgs_srvs' build argument 'cmake_target' from command line to 'None'
[0.230s] Level 5:colcon.colcon_core.verb:set package 'custom_msgs_srvs' build argument 'cmake_target_skip_unavailable' from command line to 'False'
[0.230s] Level 5:colcon.colcon_core.verb:set package 'custom_msgs_srvs' build argument 'cmake_clean_cache' from command line to 'False'
[0.230s] Level 5:colcon.colcon_core.verb:set package 'custom_msgs_srvs' build argument 'cmake_clean_first' from command line to 'False'
[0.230s] Level 5:colcon.colcon_core.verb:set package 'custom_msgs_srvs' build argument 'cmake_force_configure' from command line to 'False'
[0.230s] Level 5:colcon.colcon_core.verb:set package 'custom_msgs_srvs' build argument 'ament_cmake_args' from command line to 'None'
[0.230s] Level 5:colcon.colcon_core.verb:set package 'custom_msgs_srvs' build argument 'catkin_cmake_args' from command line to 'None'
[0.230s] Level 5:colcon.colcon_core.verb:set package 'custom_msgs_srvs' build argument 'catkin_skip_building_tests' from command line to 'False'
[0.230s] DEBUG:colcon.colcon_core.verb:Building package 'custom_msgs_srvs' with the following arguments: {'ament_cmake_args': None, 'build_base': '/home/david-wang/Desktop/Projects/Wisconsin Robotics/ros2_ws/build/custom_msgs_srvs', 'catkin_cmake_args': None, 'catkin_skip_building_tests': False, 'cmake_args': None, 'cmake_clean_cache': False, 'cmake_clean_first': False, 'cmake_force_configure': False, 'cmake_target': None, 'cmake_target_skip_unavailable': False, 'install_base': '/home/david-wang/Desktop/Projects/Wisconsin Robotics/ros2_ws/install/custom_msgs_srvs', 'merge_install': False, 'path': '/home/david-wang/Desktop/Projects/Wisconsin Robotics/ros2_ws/src/custom_msgs_srvs', 'symlink_install': False, 'test_result_base': None}
[0.230s] Level 5:colcon.colcon_core.verb:set package 'object_detection_package' build argument 'cmake_args' from command line to 'None'
[0.230s] Level 5:colcon.colcon_core.verb:set package 'object_detection_package' build argument 'cmake_target' from command line to 'None'
[0.230s] Level 5:colcon.colcon_core.verb:set package 'object_detection_package' build argument 'cmake_target_skip_unavailable' from command line to 'False'
[0.231s] Level 5:colcon.colcon_core.verb:set package 'object_detection_package' build argument 'cmake_clean_cache' from command line to 'False'
[0.231s] Level 5:colcon.colcon_core.verb:set package 'object_detection_package' build argument 'cmake_clean_first' from command line to 'False'
[0.231s] Level 5:colcon.colcon_core.verb:set package 'object_detection_package' build argument 'cmake_force_configure' from command line to 'False'
[0.231s] Level 5:colcon.colcon_core.verb:set package 'object_detection_package' build argument 'ament_cmake_args' from command line to 'None'
[0.231s] Level 5:colcon.colcon_core.verb:set package 'object_detection_package' build argument 'catkin_cmake_args' from command line to 'None'
[0.231s] Level 5:colcon.colcon_core.verb:set package 'object_detection_package' build argument 'catkin_skip_building_tests' from command line to 'False'
[0.231s] DEBUG:colcon.colcon_core.verb:Building package 'object_detection_package' with the following arguments: {'ament_cmake_args': None, 'build_base': '/home/david-wang/Desktop/Projects/Wisconsin Robotics/ros2_ws/build/object_detection_package', 'catkin_cmake_args': None, 'catkin_skip_building_tests': False, 'cmake_args': None, 'cmake_clean_cache': False, 'cmake_clean_first': False, 'cmake_force_configure': False, 'cmake_target': None, 'cmake_target_skip_unavailable': False, 'install_base': '/home/david-wang/Desktop/Projects/Wisconsin Robotics/ros2_ws/install/object_detection_package', 'merge_install': False, 'path': '/home/david-wang/Desktop/Projects/Wisconsin Robotics/ros2_ws/src/object_detection_package', 'symlink_install': False, 'test_result_base': None}
[0.231s] INFO:colcon.colcon_core.executor:Executing jobs using 'parallel' executor
[0.232s] DEBUG:colcon.colcon_parallel_executor.executor.parallel:run_until_complete
[0.232s] INFO:colcon.colcon_ros.task.ament_cmake.build:Building ROS package in '/home/david-wang/Desktop/Projects/Wisconsin Robotics/ros2_ws/src/custom_msgs_srvs' with build type 'ament_cmake'
[0.232s] INFO:colcon.colcon_cmake.task.cmake.build:Building CMake package in '/home/david-wang/Desktop/Projects/Wisconsin Robotics/ros2_ws/src/custom_msgs_srvs'
[0.235s] INFO:colcon.colcon_core.plugin_system:Skipping extension 'colcon_core.shell.bat': Not used on non-Windows systems
[0.235s] DEBUG:colcon.colcon_core.shell:Skip shell extension 'dsv' for command environment
[0.240s] INFO:colcon.colcon_ros.task.ament_python.build:Building ROS package in '/home/david-wang/Desktop/Projects/Wisconsin Robotics/ros2_ws/src/object_detection_package' with build type 'ament_python'
[0.240s] Level 1:colcon.colcon_core.shell:create_environment_hook('object_detection_package', 'ament_prefix_path')
[0.241s] INFO:colcon.colcon_core.shell:Creating environment descriptor '/home/david-wang/Desktop/Projects/Wisconsin Robotics/ros2_ws/install/object_detection_package/share/object_detection_package/hook/ament_prefix_path.dsv'
[0.241s] INFO:colcon.colcon_core.shell:Creating environment hook '/home/david-wang/Desktop/Projects/Wisconsin Robotics/ros2_ws/install/object_detection_package/share/object_detection_package/hook/ament_prefix_path.sh'
[0.242s] DEBUG:colcon.colcon_core.shell:Skip shell extension 'dsv' for command environment
[0.250s] DEBUG:colcon.colcon_core.event_handler.log_command:Invoking command in '/home/david-wang/Desktop/Projects/Wisconsin Robotics/ros2_ws/build/custom_msgs_srvs': CMAKE_PREFIX_PATH=/opt/ros/jazzy DEBUGINFOD_URLS=https://debuginfod.ubuntu.com PS1=(.venv) \[\e]0;\u@\h: \w\a\]${debian_chroot:+($debian_chroot)}\[\033[01;32m\]\u@\h\[\033[00m\]:\[\033[01;34m\]\w\[\033[00m\]\$ VIRTUAL_ENV_PROMPT=(.venv) /usr/bin/cmake /home/david-wang/Desktop/Projects/Wisconsin Robotics/ros2_ws/src/custom_msgs_srvs -DCMAKE_INSTALL_PREFIX=/home/david-wang/Desktop/Projects/Wisconsin Robotics/ros2_ws/install/custom_msgs_srvs
[0.405s] INFO:colcon.colcon_core.task.python.build:Building Python package in '/home/david-wang/Desktop/Projects/Wisconsin Robotics/ros2_ws/src/object_detection_package'
[0.405s] DEBUG:colcon.colcon_core.shell:Skip shell extension 'dsv' for command environment
[0.722s] DEBUG:colcon.colcon_core.event_handler.log_command:Invoked command in '/home/david-wang/Desktop/Projects/Wisconsin Robotics/ros2_ws/build/custom_msgs_srvs' returned '1': CMAKE_PREFIX_PATH=/opt/ros/jazzy DEBUGINFOD_URLS=https://debuginfod.ubuntu.com PS1=(.venv) \[\e]0;\u@\h: \w\a\]${debian_chroot:+($debian_chroot)}\[\033[01;32m\]\u@\h\[\033[00m\]:\[\033[01;34m\]\w\[\033[00m\]\$ VIRTUAL_ENV_PROMPT=(.venv) /usr/bin/cmake /home/david-wang/Desktop/Projects/Wisconsin Robotics/ros2_ws/src/custom_msgs_srvs -DCMAKE_INSTALL_PREFIX=/home/david-wang/Desktop/Projects/Wisconsin Robotics/ros2_ws/install/custom_msgs_srvs
[0.735s] Level 1:colcon.colcon_core.environment:create_environment_scripts_only(custom_msgs_srvs)
[0.739s] Level 1:colcon.colcon_core.environment:checking '/home/david-wang/Desktop/Projects/Wisconsin Robotics/ros2_ws/install/custom_msgs_srvs' for CMake module files
[0.739s] Level 1:colcon.colcon_core.environment:checking '/home/david-wang/Desktop/Projects/Wisconsin Robotics/ros2_ws/install/custom_msgs_srvs' for CMake config files
[0.740s] Level 1:colcon.colcon_core.environment:checking '/home/david-wang/Desktop/Projects/Wisconsin Robotics/ros2_ws/install/custom_msgs_srvs/bin'
[0.740s] Level 1:colcon.colcon_core.environment:checking '/home/david-wang/Desktop/Projects/Wisconsin Robotics/ros2_ws/install/custom_msgs_srvs/lib/pkgconfig/custom_msgs_srvs.pc'
[0.740s] Level 1:colcon.colcon_core.environment:checking '/home/david-wang/Desktop/Projects/Wisconsin Robotics/ros2_ws/install/custom_msgs_srvs/lib/python3.12/site-packages'
[0.740s] Level 1:colcon.colcon_core.environment:checking '/home/david-wang/Desktop/Projects/Wisconsin Robotics/ros2_ws/install/custom_msgs_srvs/bin'
[0.740s] INFO:colcon.colcon_core.shell:Creating package descriptor '/home/david-wang/Desktop/Projects/Wisconsin Robotics/ros2_ws/install/custom_msgs_srvs/share/custom_msgs_srvs/package.dsv'
[0.740s] INFO:colcon.colcon_core.shell:Creating package script '/home/david-wang/Desktop/Projects/Wisconsin Robotics/ros2_ws/install/custom_msgs_srvs/share/custom_msgs_srvs/package.sh'
[0.741s] INFO:colcon.colcon_core.shell:Creating package script '/home/david-wang/Desktop/Projects/Wisconsin Robotics/ros2_ws/install/custom_msgs_srvs/share/custom_msgs_srvs/package.bash'
[0.741s] INFO:colcon.colcon_core.shell:Creating package script '/home/david-wang/Desktop/Projects/Wisconsin Robotics/ros2_ws/install/custom_msgs_srvs/share/custom_msgs_srvs/package.zsh'
[0.742s] Level 1:colcon.colcon_core.environment:create_file_with_runtime_dependencies(/home/david-wang/Desktop/Projects/Wisconsin Robotics/ros2_ws/install/custom_msgs_srvs/share/colcon-core/packages/custom_msgs_srvs)
[0.818s] DEBUG:colcon.colcon_parallel_executor.executor.parallel:closing loop
[0.818s] DEBUG:colcon.colcon_parallel_executor.executor.parallel:loop closed
[0.818s] DEBUG:colcon.colcon_parallel_executor.executor.parallel:run_until_complete finished with '1'
[0.818s] DEBUG:colcon.colcon_core.event_reactor:joining thread
[0.824s] INFO:colcon.colcon_core.plugin_system:Skipping extension 'colcon_notification.desktop_notification.terminal_notifier': Not used on non-Darwin systems
[0.824s] INFO:colcon.colcon_core.plugin_system:Skipping extension 'colcon_notification.desktop_notification.win32': Not used on non-Windows systems
[0.824s] INFO:colcon.colcon_notification.desktop_notification:Sending desktop notification using 'notify2'
[0.837s] DEBUG:colcon.colcon_core.event_reactor:joined thread
[0.838s] INFO:colcon.colcon_core.shell:Creating prefix script '/home/david-wang/Desktop/Projects/Wisconsin Robotics/ros2_ws/install/local_setup.sh'
[0.839s] INFO:colcon.colcon_core.shell:Creating prefix util module '/home/david-wang/Desktop/Projects/Wisconsin Robotics/ros2_ws/install/_local_setup_util_sh.py'
[0.840s] INFO:colcon.colcon_core.shell:Creating prefix chain script '/home/david-wang/Desktop/Projects/Wisconsin Robotics/ros2_ws/install/setup.sh'
[0.841s] INFO:colcon.colcon_core.shell:Creating prefix script '/home/david-wang/Desktop/Projects/Wisconsin Robotics/ros2_ws/install/local_setup.bash'
[0.841s] INFO:colcon.colcon_core.shell:Creating prefix chain script '/home/david-wang/Desktop/Projects/Wisconsin Robotics/ros2_ws/install/setup.bash'
[0.842s] INFO:colcon.colcon_core.shell:Creating prefix script '/home/david-wang/Desktop/Projects/Wisconsin Robotics/ros2_ws/install/local_setup.zsh'
[0.842s] INFO:colcon.colcon_core.shell:Creating prefix chain script '/home/david-wang/Desktop/Projects/Wisconsin Robotics/ros2_ws/install/setup.zsh'
