[0.022s] Invoking command in '/home/david-wang/Desktop/Projects/Wisconsin Robotics/ros2_ws/build/custom_msgs_srvs': CMAKE_PREFIX_PATH=/opt/ros/jazzy DEBUGINFOD_URLS=https://debuginfod.ubuntu.com PS1=(.venv) \[\e]0;\u@\h: \w\a\]${debian_chroot:+($debian_chroot)}\[\033[01;32m\]\u@\h\[\033[00m\]:\[\033[01;34m\]\w\[\033[00m\]\$ VIRTUAL_ENV_PROMPT=(.venv) /usr/bin/cmake --build /home/david-wang/Desktop/Projects/Wisconsin Robotics/ros2_ws/build/custom_msgs_srvs -- -j12 -l12
[0.109s] [  2%] [34m[1mGenerating type hashes for ROS interfaces[0m
[0.123s] [  2%] Built target ament_cmake_python_copy_custom_msgs_srvs
[0.181s] Traceback (most recent call last):
[0.181s]   File "/opt/ros/jazzy/lib/rosidl_generator_type_description/rosidl_generator_type_description", line 21, in <module>
[0.181s]     from rosidl_generator_type_description import generate_type_hash
[0.181s]   File "/opt/ros/jazzy/lib/python3.12/site-packages/rosidl_generator_type_description/__init__.py", line 24, in <module>
[0.181s]     from rosidl_parser.parser import parse_idl_file
[0.181s]   File "/opt/ros/jazzy/lib/python3.12/site-packages/rosidl_parser/parser.py", line 20, in <module>
[0.181s]     from lark import Lark
[0.182s] ModuleNotFoundError: No module named 'lark'
[0.191s] gmake[2]: *** [CMakeFiles/custom_msgs_srvs__rosidl_generator_type_description.dir/build.make:75: rosidl_generator_type_description/custom_msgs_srvs/msg/Detection.json] Error 1
[0.192s] gmake[1]: *** [CMakeFiles/Makefile2:215: CMakeFiles/custom_msgs_srvs__rosidl_generator_type_description.dir/all] Error 2
[0.192s] gmake[1]: *** Waiting for unfinished jobs....
[0.409s] running egg_info
[0.426s] creating custom_msgs_srvs.egg-info
[0.426s] writing custom_msgs_srvs.egg-info/PKG-INFO
[0.427s] writing dependency_links to custom_msgs_srvs.egg-info/dependency_links.txt
[0.427s] writing top-level names to custom_msgs_srvs.egg-info/top_level.txt
[0.427s] writing manifest file 'custom_msgs_srvs.egg-info/SOURCES.txt'
[0.477s] reading manifest file 'custom_msgs_srvs.egg-info/SOURCES.txt'
[0.478s] writing manifest file 'custom_msgs_srvs.egg-info/SOURCES.txt'
[0.534s] [  2%] Built target ament_cmake_python_build_custom_msgs_srvs_egg
[0.536s] gmake: *** [Makefile:146: all] Error 2
[0.541s] Invoked command in '/home/david-wang/Desktop/Projects/Wisconsin Robotics/ros2_ws/build/custom_msgs_srvs' returned '2': CMAKE_PREFIX_PATH=/opt/ros/jazzy DEBUGINFOD_URLS=https://debuginfod.ubuntu.com PS1=(.venv) \[\e]0;\u@\h: \w\a\]${debian_chroot:+($debian_chroot)}\[\033[01;32m\]\u@\h\[\033[00m\]:\[\033[01;34m\]\w\[\033[00m\]\$ VIRTUAL_ENV_PROMPT=(.venv) /usr/bin/cmake --build /home/david-wang/Desktop/Projects/Wisconsin Robotics/ros2_ws/build/custom_msgs_srvs -- -j12 -l12
