[  2%] Built target custom_msgs_srvs__rosidl_generator_type_description
[  2%] Built target ament_cmake_python_copy_custom_msgs_srvs
[  5%] Built target custom_msgs_srvs__cpp
[ 20%] Built target custom_msgs_srvs__rosidl_generator_c
[ 29%] Built target custom_msgs_srvs__rosidl_typesupport_introspection_c
[ 38%] Built target custom_msgs_srvs__rosidl_typesupport_c
[ 47%] Built target custom_msgs_srvs__rosidl_typesupport_fastrtps_c
[ 55%] Built target custom_msgs_srvs__rosidl_typesupport_cpp
[ 64%] Built target custom_msgs_srvs__rosidl_typesupport_introspection_cpp
[ 73%] Built target custom_msgs_srvs__rosidl_typesupport_fastrtps_cpp
[ 73%] Built target custom_msgs_srvs
[ 76%] Built target custom_msgs_srvs__py
[ 82%] Built target custom_msgs_srvs__rosidl_generator_py
[100%] Built target custom_msgs_srvs_s__rosidl_typesupport_c
[100%] Built target custom_msgs_srvs_s__rosidl_typesupport_introspection_c
[100%] Built target custom_msgs_srvs_s__rosidl_typesupport_fastrtps_c
running egg_info
writing custom_msgs_srvs.egg-info/PKG-INFO
writing dependency_links to custom_msgs_srvs.egg-info/dependency_links.txt
writing top-level names to custom_msgs_srvs.egg-info/top_level.txt
reading manifest file 'custom_msgs_srvs.egg-info/SOURCES.txt'
writing manifest file 'custom_msgs_srvs.egg-info/SOURCES.txt'
[100%] Built target ament_cmake_python_build_custom_msgs_srvs_egg
