[0.020s] Invoking command in '/home/david-wang/Desktop/Projects/Wisconsin Robotics/ros2_ws/build/custom_msgs_srvs': CMAKE_PREFIX_PATH=/opt/ros/jazzy DEBUGINFOD_URLS=https://debuginfod.ubuntu.com PS1=(.venv) \[\e]0;\u@\h: \w\a\]${debian_chroot:+($debian_chroot)}\[\033[01;32m\]\u@\h\[\033[00m\]:\[\033[01;34m\]\w\[\033[00m\]\$ VIRTUAL_ENV_PROMPT=(.venv) /usr/bin/cmake --build /home/david-wang/Desktop/Projects/Wisconsin Robotics/ros2_ws/build/custom_msgs_srvs -- -j12 -l12
[0.105s] [  2%] Built target custom_msgs_srvs__rosidl_generator_type_description
[0.121s] [  2%] Built target ament_cmake_python_copy_custom_msgs_srvs
[0.138s] [  5%] Built target custom_msgs_srvs__cpp
[0.138s] [ 20%] Built target custom_msgs_srvs__rosidl_generator_c
[0.175s] [ 29%] Built target custom_msgs_srvs__rosidl_typesupport_introspection_c
[0.175s] [ 38%] Built target custom_msgs_srvs__rosidl_typesupport_c
[0.177s] [ 47%] Built target custom_msgs_srvs__rosidl_typesupport_fastrtps_c
[0.178s] [ 55%] Built target custom_msgs_srvs__rosidl_typesupport_cpp
[0.178s] [ 64%] Built target custom_msgs_srvs__rosidl_typesupport_introspection_cpp
[0.180s] [ 73%] Built target custom_msgs_srvs__rosidl_typesupport_fastrtps_cpp
[0.215s] [ 73%] Built target custom_msgs_srvs
[0.254s] [ 76%] Built target custom_msgs_srvs__py
[0.296s] [ 82%] Built target custom_msgs_srvs__rosidl_generator_py
[0.333s] [100%] Built target custom_msgs_srvs_s__rosidl_typesupport_c
[0.333s] [100%] Built target custom_msgs_srvs_s__rosidl_typesupport_introspection_c
[0.333s] [100%] Built target custom_msgs_srvs_s__rosidl_typesupport_fastrtps_c
[0.419s] running egg_info
[0.435s] writing custom_msgs_srvs.egg-info/PKG-INFO
[0.436s] writing dependency_links to custom_msgs_srvs.egg-info/dependency_links.txt
[0.436s] writing top-level names to custom_msgs_srvs.egg-info/top_level.txt
[0.485s] reading manifest file 'custom_msgs_srvs.egg-info/SOURCES.txt'
[0.486s] writing manifest file 'custom_msgs_srvs.egg-info/SOURCES.txt'
[0.535s] [100%] Built target ament_cmake_python_build_custom_msgs_srvs_egg
