[0.013s] Invoking command in '/home/david-wang/Desktop/Projects/Wisconsin Robotics/ros2_ws/src/custom_msgs_srvs/build/custom_msgs_srvs': DEBUGINFOD_URLS=https://debuginfod.ubuntu.com /usr/bin/cmake /home/david-wang/Desktop/Projects/Wisconsin Robotics/ros2_ws/src/custom_msgs_srvs -DCMAKE_INSTALL_PREFIX=/home/david-wang/Desktop/Projects/Wisconsin Robotics/ros2_ws/src/custom_msgs_srvs/install/custom_msgs_srvs
[0.095s] -- The C compiler identification is GNU 13.3.0
[0.180s] -- The CXX compiler identification is GNU 13.3.0
[0.210s] -- Detecting C compiler ABI info
[0.355s] -- Detecting C compiler ABI info - done
[0.368s] -- Check for working C compiler: /usr/bin/cc - skipped
[0.368s] -- Detecting C compile features
[0.369s] -- Detecting C compile features - done
[0.384s] -- Detecting CXX compiler ABI info
[0.544s] -- Detecting CXX compiler ABI info - done
[0.556s] -- Check for working CXX compiler: /usr/bin/c++ - skipped
[0.557s] -- Detecting CXX compile features
[0.557s] -- Detecting CXX compile features - done
[0.569s] [31mCMake Error at CMakeLists.txt:9 (find_package):
[0.569s]   By not providing "Findament_cmake.cmake" in CMAKE_MODULE_PATH this project
[0.570s]   has asked CMake to find a package configuration file provided by
[0.570s]   "ament_cmake", but CMake did not find one.
[0.570s] 
[0.570s]   Could not find a package configuration file provided by "ament_cmake" with
[0.570s]   any of the following names:
[0.570s] 
[0.570s]     ament_cmakeConfig.cmake
[0.570s]     ament_cmake-config.cmake
[0.570s] 
[0.571s]   Add the installation prefix of "ament_cmake" to CMAKE_PREFIX_PATH or set
[0.571s]   "ament_cmake_DIR" to a directory containing one of the above files.  If
[0.571s]   "ament_cmake" provides a separate development package or SDK, be sure it
[0.571s]   has been installed.
[0.571s] 
[0.571s] [0m
[0.571s] -- Configuring incomplete, errors occurred!
[0.577s] Invoked command in '/home/david-wang/Desktop/Projects/Wisconsin Robotics/ros2_ws/src/custom_msgs_srvs/build/custom_msgs_srvs' returned '1': DEBUGINFOD_URLS=https://debuginfod.ubuntu.com /usr/bin/cmake /home/david-wang/Desktop/Projects/Wisconsin Robotics/ros2_ws/src/custom_msgs_srvs -DCMAKE_INSTALL_PREFIX=/home/david-wang/Desktop/Projects/Wisconsin Robotics/ros2_ws/src/custom_msgs_srvs/install/custom_msgs_srvs
