running egg_info
creating ../../build/object_detection_package/object_detection_package.egg-info
writing ../../build/object_detection_package/object_detection_package.egg-info/PKG-INFO
writing dependency_links to ../../build/object_detection_package/object_detection_package.egg-info/dependency_links.txt
writing entry points to ../../build/object_detection_package/object_detection_package.egg-info/entry_points.txt
writing requirements to ../../build/object_detection_package/object_detection_package.egg-info/requires.txt
writing top-level names to ../../build/object_detection_package/object_detection_package.egg-info/top_level.txt
writing manifest file '../../build/object_detection_package/object_detection_package.egg-info/SOURCES.txt'
reading manifest file '../../build/object_detection_package/object_detection_package.egg-info/SOURCES.txt'
adding license file 'LICENSE'
writing manifest file '../../build/object_detection_package/object_detection_package.egg-info/SOURCES.txt'
running build
running build_py
creating /home/david-wang/Desktop/Projects/Wisconsin Robotics/ros2_ws/build/object_detection_package/build
creating /home/david-wang/Desktop/Projects/Wisconsin Robotics/ros2_ws/build/object_detection_package/build/lib
creating /home/david-wang/Desktop/Projects/Wisconsin Robotics/ros2_ws/build/object_detection_package/build/lib/object_detection_package
copying object_detection_package/__init__.py -> /home/david-wang/Desktop/Projects/Wisconsin Robotics/ros2_ws/build/object_detection_package/build/lib/object_detection_package
copying object_detection_package/yolo_detection.py -> /home/david-wang/Desktop/Projects/Wisconsin Robotics/ros2_ws/build/object_detection_package/build/lib/object_detection_package
running install
running install_lib
creating /home/david-wang/Desktop/Projects/Wisconsin Robotics/ros2_ws/install/object_detection_package/lib/python3.12/site-packages/object_detection_package
copying /home/david-wang/Desktop/Projects/Wisconsin Robotics/ros2_ws/build/object_detection_package/build/lib/object_detection_package/__init__.py -> /home/david-wang/Desktop/Projects/Wisconsin Robotics/ros2_ws/install/object_detection_package/lib/python3.12/site-packages/object_detection_package
copying /home/david-wang/Desktop/Projects/Wisconsin Robotics/ros2_ws/build/object_detection_package/build/lib/object_detection_package/yolo_detection.py -> /home/david-wang/Desktop/Projects/Wisconsin Robotics/ros2_ws/install/object_detection_package/lib/python3.12/site-packages/object_detection_package
byte-compiling /home/david-wang/Desktop/Projects/Wisconsin Robotics/ros2_ws/install/object_detection_package/lib/python3.12/site-packages/object_detection_package/__init__.py to __init__.cpython-312.pyc
byte-compiling /home/david-wang/Desktop/Projects/Wisconsin Robotics/ros2_ws/install/object_detection_package/lib/python3.12/site-packages/object_detection_package/yolo_detection.py to yolo_detection.cpython-312.pyc
running install_data
creating /home/david-wang/Desktop/Projects/Wisconsin Robotics/ros2_ws/install/object_detection_package/share/ament_index
creating /home/david-wang/Desktop/Projects/Wisconsin Robotics/ros2_ws/install/object_detection_package/share/ament_index/resource_index
creating /home/david-wang/Desktop/Projects/Wisconsin Robotics/ros2_ws/install/object_detection_package/share/ament_index/resource_index/packages
copying resource/object_detection_package -> /home/david-wang/Desktop/Projects/Wisconsin Robotics/ros2_ws/install/object_detection_package/share/ament_index/resource_index/packages
copying package.xml -> /home/david-wang/Desktop/Projects/Wisconsin Robotics/ros2_ws/install/object_detection_package/share/object_detection_package
creating /home/david-wang/Desktop/Projects/Wisconsin Robotics/ros2_ws/install/object_detection_package/share/object_detection_package/msg
error: can't copy 'msg/Detection.msg': doesn't exist or not a regular file
