[1.072s] Invoking command in '/home/david-wang/Desktop/Projects/Wisconsin Robotics/ros2_ws/src/object_detection_package': DEBUGINFOD_URLS=https://debuginfod.ubuntu.com PS1=(.venv) \[\e]0;\u@\h: \w\a\]${debian_chroot:+($debian_chroot)}\[\033[01;32m\]\u@\h\[\033[00m\]:\[\033[01;34m\]\w\[\033[00m\]\$ PYTHONPATH=/home/david-wang/Desktop/Projects/Wisconsin Robotics/ros2_ws/build/object_detection_package/prefix_override:/usr/lib/python3/dist-packages/colcon_core/task/python/colcon_distutils_commands:/home/david-wang/Desktop/Projects/Wisconsin Robotics/ros2_ws/install/object_detection_package/lib/python3.12/site-packages:${PYTHONPATH} VIRTUAL_ENV_PROMPT=(.venv) /usr/bin/python3 -W ignore:setup.py install is deprecated -W ignore:easy_install command is deprecated setup.py egg_info --egg-base ../../build/object_detection_package build --build-base /home/david-wang/Desktop/Projects/Wisconsin Robotics/ros2_ws/build/object_detection_package/build install --record /home/david-wang/Desktop/Projects/Wisconsin Robotics/ros2_ws/build/object_detection_package/install.log --single-version-externally-managed install_data
[1.347s] running egg_info
[1.347s] creating ../../build/object_detection_package/object_detection_package.egg-info
[1.364s] writing ../../build/object_detection_package/object_detection_package.egg-info/PKG-INFO
[1.364s] writing dependency_links to ../../build/object_detection_package/object_detection_package.egg-info/dependency_links.txt
[1.365s] writing entry points to ../../build/object_detection_package/object_detection_package.egg-info/entry_points.txt
[1.365s] writing requirements to ../../build/object_detection_package/object_detection_package.egg-info/requires.txt
[1.365s] writing top-level names to ../../build/object_detection_package/object_detection_package.egg-info/top_level.txt
[1.365s] writing manifest file '../../build/object_detection_package/object_detection_package.egg-info/SOURCES.txt'
[1.400s] reading manifest file '../../build/object_detection_package/object_detection_package.egg-info/SOURCES.txt'
[1.400s] adding license file 'LICENSE'
[1.401s] writing manifest file '../../build/object_detection_package/object_detection_package.egg-info/SOURCES.txt'
[1.402s] running build
[1.402s] running build_py
[1.402s] creating /home/david-wang/Desktop/Projects/Wisconsin Robotics/ros2_ws/build/object_detection_package/build
[1.402s] creating /home/david-wang/Desktop/Projects/Wisconsin Robotics/ros2_ws/build/object_detection_package/build/lib
[1.402s] creating /home/david-wang/Desktop/Projects/Wisconsin Robotics/ros2_ws/build/object_detection_package/build/lib/object_detection_package
[1.402s] copying object_detection_package/__init__.py -> /home/david-wang/Desktop/Projects/Wisconsin Robotics/ros2_ws/build/object_detection_package/build/lib/object_detection_package
[1.403s] copying object_detection_package/yolo_detection.py -> /home/david-wang/Desktop/Projects/Wisconsin Robotics/ros2_ws/build/object_detection_package/build/lib/object_detection_package
[1.403s] running install
[1.412s] running install_lib
[1.428s] creating /home/david-wang/Desktop/Projects/Wisconsin Robotics/ros2_ws/install/object_detection_package/lib/python3.12/site-packages/object_detection_package
[1.429s] copying /home/david-wang/Desktop/Projects/Wisconsin Robotics/ros2_ws/build/object_detection_package/build/lib/object_detection_package/__init__.py -> /home/david-wang/Desktop/Projects/Wisconsin Robotics/ros2_ws/install/object_detection_package/lib/python3.12/site-packages/object_detection_package
[1.429s] copying /home/david-wang/Desktop/Projects/Wisconsin Robotics/ros2_ws/build/object_detection_package/build/lib/object_detection_package/yolo_detection.py -> /home/david-wang/Desktop/Projects/Wisconsin Robotics/ros2_ws/install/object_detection_package/lib/python3.12/site-packages/object_detection_package
[1.429s] byte-compiling /home/david-wang/Desktop/Projects/Wisconsin Robotics/ros2_ws/install/object_detection_package/lib/python3.12/site-packages/object_detection_package/__init__.py to __init__.cpython-312.pyc
[1.430s] byte-compiling /home/david-wang/Desktop/Projects/Wisconsin Robotics/ros2_ws/install/object_detection_package/lib/python3.12/site-packages/object_detection_package/yolo_detection.py to yolo_detection.cpython-312.pyc
[1.431s] running install_data
[1.431s] creating /home/david-wang/Desktop/Projects/Wisconsin Robotics/ros2_ws/install/object_detection_package/share/ament_index
[1.431s] creating /home/david-wang/Desktop/Projects/Wisconsin Robotics/ros2_ws/install/object_detection_package/share/ament_index/resource_index
[1.431s] creating /home/david-wang/Desktop/Projects/Wisconsin Robotics/ros2_ws/install/object_detection_package/share/ament_index/resource_index/packages
[1.432s] copying resource/object_detection_package -> /home/david-wang/Desktop/Projects/Wisconsin Robotics/ros2_ws/install/object_detection_package/share/ament_index/resource_index/packages
[1.432s] copying package.xml -> /home/david-wang/Desktop/Projects/Wisconsin Robotics/ros2_ws/install/object_detection_package/share/object_detection_package
[1.432s] creating /home/david-wang/Desktop/Projects/Wisconsin Robotics/ros2_ws/install/object_detection_package/share/object_detection_package/msg
[1.432s] error: can't copy 'msg/Detection.msg': doesn't exist or not a regular file
[1.464s] Invoked command in '/home/david-wang/Desktop/Projects/Wisconsin Robotics/ros2_ws/src/object_detection_package' returned '1': DEBUGINFOD_URLS=https://debuginfod.ubuntu.com PS1=(.venv) \[\e]0;\u@\h: \w\a\]${debian_chroot:+($debian_chroot)}\[\033[01;32m\]\u@\h\[\033[00m\]:\[\033[01;34m\]\w\[\033[00m\]\$ PYTHONPATH=/home/david-wang/Desktop/Projects/Wisconsin Robotics/ros2_ws/build/object_detection_package/prefix_override:/usr/lib/python3/dist-packages/colcon_core/task/python/colcon_distutils_commands:/home/david-wang/Desktop/Projects/Wisconsin Robotics/ros2_ws/install/object_detection_package/lib/python3.12/site-packages:${PYTHONPATH} VIRTUAL_ENV_PROMPT=(.venv) /usr/bin/python3 -W ignore:setup.py install is deprecated -W ignore:easy_install command is deprecated setup.py egg_info --egg-base ../../build/object_detection_package build --build-base /home/david-wang/Desktop/Projects/Wisconsin Robotics/ros2_ws/build/object_detection_package/build install --record /home/david-wang/Desktop/Projects/Wisconsin Robotics/ros2_ws/build/object_detection_package/install.log --single-version-externally-managed install_data
