[  2%] [34m[1mGenerating type hashes for ROS interfaces[0m
[  2%] Built target ament_cmake_python_copy_custom_msgs_srvs
[  2%] Built target custom_msgs_srvs__rosidl_generator_type_description
[  5%] [34m[1mGenerating C code for ROS interfaces[0m
running egg_info
[  8%] [34m[1mGenerating C++ code for ROS interfaces[0m
writing custom_msgs_srvs.egg-info/PKG-INFO
writing dependency_links to custom_msgs_srvs.egg-info/dependency_links.txt
writing top-level names to custom_msgs_srvs.egg-info/top_level.txt
reading manifest file 'custom_msgs_srvs.egg-info/SOURCES.txt'
writing manifest file 'custom_msgs_srvs.egg-info/SOURCES.txt'
[  8%] Built target ament_cmake_python_build_custom_msgs_srvs_egg
[  8%] Built target custom_msgs_srvs__cpp
[ 14%] [32mBuilding C object CMakeFiles/custom_msgs_srvs__rosidl_generator_c.dir/rosidl_generator_c/custom_msgs_srvs/msg/detail/detection__description.c.o[0m
[ 14%] [32mBuilding C object CMakeFiles/custom_msgs_srvs__rosidl_generator_c.dir/rosidl_generator_c/custom_msgs_srvs/msg/detail/detection__functions.c.o[0m
[ 17%] [32mBuilding C object CMakeFiles/custom_msgs_srvs__rosidl_generator_c.dir/rosidl_generator_c/custom_msgs_srvs/msg/detail/detection__type_support.c.o[0m
[ 20%] [32m[1mLinking C shared library libcustom_msgs_srvs__rosidl_generator_c.so[0m
[ 20%] Built target custom_msgs_srvs__rosidl_generator_c
[ 32%] [34m[1mGenerating C introspection for ROS interfaces[0m
[ 32%] [34m[1mGenerating C type support dispatch for ROS interfaces[0m
[ 32%] [34m[1mGenerating C type support for eProsima Fast-RTPS[0m
[ 32%] [34m[1mGenerating C++ introspection for ROS interfaces[0m
[ 35%] [34m[1mGenerating C++ type support dispatch for ROS interfaces[0m
[ 38%] [34m[1mGenerating C++ type support for eProsima Fast-RTPS[0m
[ 41%] [32mBuilding CXX object CMakeFiles/custom_msgs_srvs__rosidl_typesupport_c.dir/rosidl_typesupport_c/custom_msgs_srvs/msg/detection__type_support.cpp.o[0m
[ 44%] [32mBuilding C object CMakeFiles/custom_msgs_srvs__rosidl_typesupport_introspection_c.dir/rosidl_typesupport_introspection_c/custom_msgs_srvs/msg/detail/detection__type_support.c.o[0m
[ 47%] [32mBuilding CXX object CMakeFiles/custom_msgs_srvs__rosidl_typesupport_introspection_cpp.dir/rosidl_typesupport_introspection_cpp/custom_msgs_srvs/msg/detail/detection__type_support.cpp.o[0m
[ 50%] [32mBuilding CXX object CMakeFiles/custom_msgs_srvs__rosidl_typesupport_fastrtps_cpp.dir/rosidl_typesupport_fastrtps_cpp/custom_msgs_srvs/msg/detail/dds_fastrtps/detection__type_support.cpp.o[0m
[ 52%] [32mBuilding CXX object CMakeFiles/custom_msgs_srvs__rosidl_typesupport_cpp.dir/rosidl_typesupport_cpp/custom_msgs_srvs/msg/detection__type_support.cpp.o[0m
[ 55%] [32m[1mLinking CXX shared library libcustom_msgs_srvs__rosidl_typesupport_c.so[0m
[ 58%] [32m[1mLinking C shared library libcustom_msgs_srvs__rosidl_typesupport_introspection_c.so[0m
[ 61%] [32mBuilding CXX object CMakeFiles/custom_msgs_srvs__rosidl_typesupport_fastrtps_c.dir/rosidl_typesupport_fastrtps_c/custom_msgs_srvs/msg/detail/detection__type_support_c.cpp.o[0m
[ 61%] Built target custom_msgs_srvs__rosidl_typesupport_introspection_c
[ 61%] Built target custom_msgs_srvs__rosidl_typesupport_c
[ 64%] [32m[1mLinking CXX shared library libcustom_msgs_srvs__rosidl_typesupport_cpp.so[0m
[ 67%] [32m[1mLinking CXX shared library libcustom_msgs_srvs__rosidl_typesupport_introspection_cpp.so[0m
[ 67%] Built target custom_msgs_srvs__rosidl_typesupport_cpp
[ 67%] Built target custom_msgs_srvs__rosidl_typesupport_introspection_cpp
[ 70%] [32m[1mLinking CXX shared library libcustom_msgs_srvs__rosidl_typesupport_fastrtps_cpp.so[0m
[ 73%] [32m[1mLinking CXX shared library libcustom_msgs_srvs__rosidl_typesupport_fastrtps_c.so[0m
[ 73%] Built target custom_msgs_srvs__rosidl_typesupport_fastrtps_cpp
[ 73%] Built target custom_msgs_srvs__rosidl_typesupport_fastrtps_c
[ 73%] Built target custom_msgs_srvs
[ 76%] [34m[1mGenerating Python code for ROS interfaces[0m
[ 76%] Built target custom_msgs_srvs__py
[ 79%] [32mBuilding C object CMakeFiles/custom_msgs_srvs__rosidl_generator_py.dir/rosidl_generator_py/custom_msgs_srvs/msg/_detection_s.c.o[0m
[ 82%] [32m[1mLinking C shared library libcustom_msgs_srvs__rosidl_generator_py.so[0m
[ 82%] Built target custom_msgs_srvs__rosidl_generator_py
[ 85%] [32mBuilding C object CMakeFiles/custom_msgs_srvs_s__rosidl_typesupport_fastrtps_c.dir/rosidl_generator_py/custom_msgs_srvs/_custom_msgs_srvs_s.ep.rosidl_typesupport_fastrtps_c.c.o[0m
[ 88%] [32mBuilding C object CMakeFiles/custom_msgs_srvs_s__rosidl_typesupport_introspection_c.dir/rosidl_generator_py/custom_msgs_srvs/_custom_msgs_srvs_s.ep.rosidl_typesupport_introspection_c.c.o[0m
[ 91%] [32mBuilding C object CMakeFiles/custom_msgs_srvs_s__rosidl_typesupport_c.dir/rosidl_generator_py/custom_msgs_srvs/_custom_msgs_srvs_s.ep.rosidl_typesupport_c.c.o[0m
[ 97%] [32m[1mLinking C shared module rosidl_generator_py/custom_msgs_srvs/custom_msgs_srvs_s__rosidl_typesupport_introspection_c.so[0m
[ 97%] [32m[1mLinking C shared module rosidl_generator_py/custom_msgs_srvs/custom_msgs_srvs_s__rosidl_typesupport_c.so[0m
[100%] [32m[1mLinking C shared module rosidl_generator_py/custom_msgs_srvs/custom_msgs_srvs_s__rosidl_typesupport_fastrtps_c.so[0m
[100%] Built target custom_msgs_srvs_s__rosidl_typesupport_fastrtps_c
[100%] Built target custom_msgs_srvs_s__rosidl_typesupport_c
[100%] Built target custom_msgs_srvs_s__rosidl_typesupport_introspection_c
-- Install configuration: ""
-- Installing: /home/david-wang/Desktop/Projects/Wisconsin Robotics/ros2_ws/install/custom_msgs_srvs/share/ament_index/resource_index/rosidl_interfaces/custom_msgs_srvs
-- Installing: /home/david-wang/Desktop/Projects/Wisconsin Robotics/ros2_ws/install/custom_msgs_srvs/share/custom_msgs_srvs/msg/Detection.json
-- Installing: /home/david-wang/Desktop/Projects/Wisconsin Robotics/ros2_ws/install/custom_msgs_srvs/include/custom_msgs_srvs/custom_msgs_srvs
-- Installing: /home/david-wang/Desktop/Projects/Wisconsin Robotics/ros2_ws/install/custom_msgs_srvs/include/custom_msgs_srvs/custom_msgs_srvs/msg
-- Installing: /home/david-wang/Desktop/Projects/Wisconsin Robotics/ros2_ws/install/custom_msgs_srvs/include/custom_msgs_srvs/custom_msgs_srvs/msg/rosidl_generator_c__visibility_control.h
-- Installing: /home/david-wang/Desktop/Projects/Wisconsin Robotics/ros2_ws/install/custom_msgs_srvs/include/custom_msgs_srvs/custom_msgs_srvs/msg/detail
-- Installing: /home/david-wang/Desktop/Projects/Wisconsin Robotics/ros2_ws/install/custom_msgs_srvs/include/custom_msgs_srvs/custom_msgs_srvs/msg/detail/detection__struct.h
-- Installing: /home/david-wang/Desktop/Projects/Wisconsin Robotics/ros2_ws/install/custom_msgs_srvs/include/custom_msgs_srvs/custom_msgs_srvs/msg/detail/detection__functions.h
-- Installing: /home/david-wang/Desktop/Projects/Wisconsin Robotics/ros2_ws/install/custom_msgs_srvs/include/custom_msgs_srvs/custom_msgs_srvs/msg/detail/detection__description.c
-- Installing: /home/david-wang/Desktop/Projects/Wisconsin Robotics/ros2_ws/install/custom_msgs_srvs/include/custom_msgs_srvs/custom_msgs_srvs/msg/detail/detection__type_support.c
-- Installing: /home/david-wang/Desktop/Projects/Wisconsin Robotics/ros2_ws/install/custom_msgs_srvs/include/custom_msgs_srvs/custom_msgs_srvs/msg/detail/detection__functions.c
-- Installing: /home/david-wang/Desktop/Projects/Wisconsin Robotics/ros2_ws/install/custom_msgs_srvs/include/custom_msgs_srvs/custom_msgs_srvs/msg/detail/detection__type_support.h
-- Installing: /home/david-wang/Desktop/Projects/Wisconsin Robotics/ros2_ws/install/custom_msgs_srvs/include/custom_msgs_srvs/custom_msgs_srvs/msg/detection.h
-- Installing: /home/david-wang/Desktop/Projects/Wisconsin Robotics/ros2_ws/install/custom_msgs_srvs/share/custom_msgs_srvs/environment/library_path.sh
-- Installing: /home/david-wang/Desktop/Projects/Wisconsin Robotics/ros2_ws/install/custom_msgs_srvs/share/custom_msgs_srvs/environment/library_path.dsv
-- Installing: /home/david-wang/Desktop/Projects/Wisconsin Robotics/ros2_ws/install/custom_msgs_srvs/lib/libcustom_msgs_srvs__rosidl_generator_c.so
-- Set non-toolchain portion of runtime path of "/home/david-wang/Desktop/Projects/Wisconsin Robotics/ros2_ws/install/custom_msgs_srvs/lib/libcustom_msgs_srvs__rosidl_generator_c.so" to ""
-- Up-to-date: /home/david-wang/Desktop/Projects/Wisconsin Robotics/ros2_ws/install/custom_msgs_srvs/include/custom_msgs_srvs/custom_msgs_srvs
-- Up-to-date: /home/david-wang/Desktop/Projects/Wisconsin Robotics/ros2_ws/install/custom_msgs_srvs/include/custom_msgs_srvs/custom_msgs_srvs/msg
-- Installing: /home/david-wang/Desktop/Projects/Wisconsin Robotics/ros2_ws/install/custom_msgs_srvs/include/custom_msgs_srvs/custom_msgs_srvs/msg/rosidl_typesupport_fastrtps_c__visibility_control.h
-- Up-to-date: /home/david-wang/Desktop/Projects/Wisconsin Robotics/ros2_ws/install/custom_msgs_srvs/include/custom_msgs_srvs/custom_msgs_srvs/msg/detail
-- Installing: /home/david-wang/Desktop/Projects/Wisconsin Robotics/ros2_ws/install/custom_msgs_srvs/include/custom_msgs_srvs/custom_msgs_srvs/msg/detail/detection__rosidl_typesupport_fastrtps_c.h
-- Installing: /home/david-wang/Desktop/Projects/Wisconsin Robotics/ros2_ws/install/custom_msgs_srvs/lib/libcustom_msgs_srvs__rosidl_typesupport_fastrtps_c.so
-- Set non-toolchain portion of runtime path of "/home/david-wang/Desktop/Projects/Wisconsin Robotics/ros2_ws/install/custom_msgs_srvs/lib/libcustom_msgs_srvs__rosidl_typesupport_fastrtps_c.so" to ""
-- Up-to-date: /home/david-wang/Desktop/Projects/Wisconsin Robotics/ros2_ws/install/custom_msgs_srvs/include/custom_msgs_srvs/custom_msgs_srvs
-- Up-to-date: /home/david-wang/Desktop/Projects/Wisconsin Robotics/ros2_ws/install/custom_msgs_srvs/include/custom_msgs_srvs/custom_msgs_srvs/msg
-- Up-to-date: /home/david-wang/Desktop/Projects/Wisconsin Robotics/ros2_ws/install/custom_msgs_srvs/include/custom_msgs_srvs/custom_msgs_srvs/msg/detail
-- Up-to-date: /home/david-wang/Desktop/Projects/Wisconsin Robotics/ros2_ws/install/custom_msgs_srvs/include/custom_msgs_srvs/custom_msgs_srvs/msg/detail/detection__type_support.c
-- Installing: /home/david-wang/Desktop/Projects/Wisconsin Robotics/ros2_ws/install/custom_msgs_srvs/include/custom_msgs_srvs/custom_msgs_srvs/msg/detail/detection__rosidl_typesupport_introspection_c.h
-- Installing: /home/david-wang/Desktop/Projects/Wisconsin Robotics/ros2_ws/install/custom_msgs_srvs/include/custom_msgs_srvs/custom_msgs_srvs/msg/rosidl_typesupport_introspection_c__visibility_control.h
-- Installing: /home/david-wang/Desktop/Projects/Wisconsin Robotics/ros2_ws/install/custom_msgs_srvs/lib/libcustom_msgs_srvs__rosidl_typesupport_introspection_c.so
-- Set non-toolchain portion of runtime path of "/home/david-wang/Desktop/Projects/Wisconsin Robotics/ros2_ws/install/custom_msgs_srvs/lib/libcustom_msgs_srvs__rosidl_typesupport_introspection_c.so" to ""
-- Installing: /home/david-wang/Desktop/Projects/Wisconsin Robotics/ros2_ws/install/custom_msgs_srvs/lib/libcustom_msgs_srvs__rosidl_typesupport_c.so
-- Set non-toolchain portion of runtime path of "/home/david-wang/Desktop/Projects/Wisconsin Robotics/ros2_ws/install/custom_msgs_srvs/lib/libcustom_msgs_srvs__rosidl_typesupport_c.so" to ""
-- Up-to-date: /home/david-wang/Desktop/Projects/Wisconsin Robotics/ros2_ws/install/custom_msgs_srvs/include/custom_msgs_srvs/custom_msgs_srvs
-- Up-to-date: /home/david-wang/Desktop/Projects/Wisconsin Robotics/ros2_ws/install/custom_msgs_srvs/include/custom_msgs_srvs/custom_msgs_srvs/msg
-- Installing: /home/david-wang/Desktop/Projects/Wisconsin Robotics/ros2_ws/install/custom_msgs_srvs/include/custom_msgs_srvs/custom_msgs_srvs/msg/detection.hpp
-- Up-to-date: /home/david-wang/Desktop/Projects/Wisconsin Robotics/ros2_ws/install/custom_msgs_srvs/include/custom_msgs_srvs/custom_msgs_srvs/msg/detail
-- Installing: /home/david-wang/Desktop/Projects/Wisconsin Robotics/ros2_ws/install/custom_msgs_srvs/include/custom_msgs_srvs/custom_msgs_srvs/msg/detail/detection__builder.hpp
-- Installing: /home/david-wang/Desktop/Projects/Wisconsin Robotics/ros2_ws/install/custom_msgs_srvs/include/custom_msgs_srvs/custom_msgs_srvs/msg/detail/detection__traits.hpp
-- Installing: /home/david-wang/Desktop/Projects/Wisconsin Robotics/ros2_ws/install/custom_msgs_srvs/include/custom_msgs_srvs/custom_msgs_srvs/msg/detail/detection__type_support.hpp
-- Installing: /home/david-wang/Desktop/Projects/Wisconsin Robotics/ros2_ws/install/custom_msgs_srvs/include/custom_msgs_srvs/custom_msgs_srvs/msg/detail/detection__struct.hpp
-- Installing: /home/david-wang/Desktop/Projects/Wisconsin Robotics/ros2_ws/install/custom_msgs_srvs/include/custom_msgs_srvs/custom_msgs_srvs/msg/rosidl_generator_cpp__visibility_control.hpp
-- Up-to-date: /home/david-wang/Desktop/Projects/Wisconsin Robotics/ros2_ws/install/custom_msgs_srvs/include/custom_msgs_srvs/custom_msgs_srvs
-- Up-to-date: /home/david-wang/Desktop/Projects/Wisconsin Robotics/ros2_ws/install/custom_msgs_srvs/include/custom_msgs_srvs/custom_msgs_srvs/msg
-- Up-to-date: /home/david-wang/Desktop/Projects/Wisconsin Robotics/ros2_ws/install/custom_msgs_srvs/include/custom_msgs_srvs/custom_msgs_srvs/msg/detail
-- Installing: /home/david-wang/Desktop/Projects/Wisconsin Robotics/ros2_ws/install/custom_msgs_srvs/include/custom_msgs_srvs/custom_msgs_srvs/msg/detail/dds_fastrtps
-- Installing: /home/david-wang/Desktop/Projects/Wisconsin Robotics/ros2_ws/install/custom_msgs_srvs/include/custom_msgs_srvs/custom_msgs_srvs/msg/detail/detection__rosidl_typesupport_fastrtps_cpp.hpp
-- Installing: /home/david-wang/Desktop/Projects/Wisconsin Robotics/ros2_ws/install/custom_msgs_srvs/include/custom_msgs_srvs/custom_msgs_srvs/msg/rosidl_typesupport_fastrtps_cpp__visibility_control.h
-- Installing: /home/david-wang/Desktop/Projects/Wisconsin Robotics/ros2_ws/install/custom_msgs_srvs/lib/libcustom_msgs_srvs__rosidl_typesupport_fastrtps_cpp.so
-- Set non-toolchain portion of runtime path of "/home/david-wang/Desktop/Projects/Wisconsin Robotics/ros2_ws/install/custom_msgs_srvs/lib/libcustom_msgs_srvs__rosidl_typesupport_fastrtps_cpp.so" to ""
-- Up-to-date: /home/david-wang/Desktop/Projects/Wisconsin Robotics/ros2_ws/install/custom_msgs_srvs/include/custom_msgs_srvs/custom_msgs_srvs
-- Up-to-date: /home/david-wang/Desktop/Projects/Wisconsin Robotics/ros2_ws/install/custom_msgs_srvs/include/custom_msgs_srvs/custom_msgs_srvs/msg
-- Up-to-date: /home/david-wang/Desktop/Projects/Wisconsin Robotics/ros2_ws/install/custom_msgs_srvs/include/custom_msgs_srvs/custom_msgs_srvs/msg/detail
-- Installing: /home/david-wang/Desktop/Projects/Wisconsin Robotics/ros2_ws/install/custom_msgs_srvs/include/custom_msgs_srvs/custom_msgs_srvs/msg/detail/detection__rosidl_typesupport_introspection_cpp.hpp
-- Installing: /home/david-wang/Desktop/Projects/Wisconsin Robotics/ros2_ws/install/custom_msgs_srvs/include/custom_msgs_srvs/custom_msgs_srvs/msg/detail/detection__type_support.cpp
-- Installing: /home/david-wang/Desktop/Projects/Wisconsin Robotics/ros2_ws/install/custom_msgs_srvs/lib/libcustom_msgs_srvs__rosidl_typesupport_introspection_cpp.so
-- Set non-toolchain portion of runtime path of "/home/david-wang/Desktop/Projects/Wisconsin Robotics/ros2_ws/install/custom_msgs_srvs/lib/libcustom_msgs_srvs__rosidl_typesupport_introspection_cpp.so" to ""
-- Installing: /home/david-wang/Desktop/Projects/Wisconsin Robotics/ros2_ws/install/custom_msgs_srvs/lib/libcustom_msgs_srvs__rosidl_typesupport_cpp.so
-- Set non-toolchain portion of runtime path of "/home/david-wang/Desktop/Projects/Wisconsin Robotics/ros2_ws/install/custom_msgs_srvs/lib/libcustom_msgs_srvs__rosidl_typesupport_cpp.so" to ""
-- Installing: /home/david-wang/Desktop/Projects/Wisconsin Robotics/ros2_ws/install/custom_msgs_srvs/share/custom_msgs_srvs/environment/pythonpath.sh
-- Installing: /home/david-wang/Desktop/Projects/Wisconsin Robotics/ros2_ws/install/custom_msgs_srvs/share/custom_msgs_srvs/environment/pythonpath.dsv
-- Installing: /home/david-wang/Desktop/Projects/Wisconsin Robotics/ros2_ws/install/custom_msgs_srvs/lib/python3.12/site-packages/custom_msgs_srvs-0.0.0-py3.12.egg-info
-- Installing: /home/david-wang/Desktop/Projects/Wisconsin Robotics/ros2_ws/install/custom_msgs_srvs/lib/python3.12/site-packages/custom_msgs_srvs-0.0.0-py3.12.egg-info/dependency_links.txt
-- Installing: /home/david-wang/Desktop/Projects/Wisconsin Robotics/ros2_ws/install/custom_msgs_srvs/lib/python3.12/site-packages/custom_msgs_srvs-0.0.0-py3.12.egg-info/SOURCES.txt
-- Installing: /home/david-wang/Desktop/Projects/Wisconsin Robotics/ros2_ws/install/custom_msgs_srvs/lib/python3.12/site-packages/custom_msgs_srvs-0.0.0-py3.12.egg-info/PKG-INFO
-- Installing: /home/david-wang/Desktop/Projects/Wisconsin Robotics/ros2_ws/install/custom_msgs_srvs/lib/python3.12/site-packages/custom_msgs_srvs-0.0.0-py3.12.egg-info/top_level.txt
-- Installing: /home/david-wang/Desktop/Projects/Wisconsin Robotics/ros2_ws/install/custom_msgs_srvs/lib/python3.12/site-packages/custom_msgs_srvs
-- Installing: /home/david-wang/Desktop/Projects/Wisconsin Robotics/ros2_ws/install/custom_msgs_srvs/lib/python3.12/site-packages/custom_msgs_srvs/custom_msgs_srvs_s__rosidl_typesupport_c.so
-- Installing: /home/david-wang/Desktop/Projects/Wisconsin Robotics/ros2_ws/install/custom_msgs_srvs/lib/python3.12/site-packages/custom_msgs_srvs/_custom_msgs_srvs_s.ep.rosidl_typesupport_introspection_c.c
-- Installing: /home/david-wang/Desktop/Projects/Wisconsin Robotics/ros2_ws/install/custom_msgs_srvs/lib/python3.12/site-packages/custom_msgs_srvs/_custom_msgs_srvs_s.ep.rosidl_typesupport_fastrtps_c.c
-- Installing: /home/david-wang/Desktop/Projects/Wisconsin Robotics/ros2_ws/install/custom_msgs_srvs/lib/python3.12/site-packages/custom_msgs_srvs/custom_msgs_srvs_s__rosidl_typesupport_introspection_c.so
-- Installing: /home/david-wang/Desktop/Projects/Wisconsin Robotics/ros2_ws/install/custom_msgs_srvs/lib/python3.12/site-packages/custom_msgs_srvs/__init__.py
-- Installing: /home/david-wang/Desktop/Projects/Wisconsin Robotics/ros2_ws/install/custom_msgs_srvs/lib/python3.12/site-packages/custom_msgs_srvs/custom_msgs_srvs_s__rosidl_typesupport_fastrtps_c.so
-- Installing: /home/david-wang/Desktop/Projects/Wisconsin Robotics/ros2_ws/install/custom_msgs_srvs/lib/python3.12/site-packages/custom_msgs_srvs/_custom_msgs_srvs_s.ep.rosidl_typesupport_c.c
-- Installing: /home/david-wang/Desktop/Projects/Wisconsin Robotics/ros2_ws/install/custom_msgs_srvs/lib/python3.12/site-packages/custom_msgs_srvs/msg
-- Installing: /home/david-wang/Desktop/Projects/Wisconsin Robotics/ros2_ws/install/custom_msgs_srvs/lib/python3.12/site-packages/custom_msgs_srvs/msg/_detection.py
-- Installing: /home/david-wang/Desktop/Projects/Wisconsin Robotics/ros2_ws/install/custom_msgs_srvs/lib/python3.12/site-packages/custom_msgs_srvs/msg/__init__.py
-- Installing: /home/david-wang/Desktop/Projects/Wisconsin Robotics/ros2_ws/install/custom_msgs_srvs/lib/python3.12/site-packages/custom_msgs_srvs/msg/_detection_s.c
Listing '/home/david-wang/Desktop/Projects/Wisconsin Robotics/ros2_ws/install/custom_msgs_srvs/lib/python3.12/site-packages/custom_msgs_srvs'...
Compiling '/home/david-wang/Desktop/Projects/Wisconsin Robotics/ros2_ws/install/custom_msgs_srvs/lib/python3.12/site-packages/custom_msgs_srvs/__init__.py'...
Listing '/home/david-wang/Desktop/Projects/Wisconsin Robotics/ros2_ws/install/custom_msgs_srvs/lib/python3.12/site-packages/custom_msgs_srvs/msg'...
Compiling '/home/david-wang/Desktop/Projects/Wisconsin Robotics/ros2_ws/install/custom_msgs_srvs/lib/python3.12/site-packages/custom_msgs_srvs/msg/__init__.py'...
Compiling '/home/david-wang/Desktop/Projects/Wisconsin Robotics/ros2_ws/install/custom_msgs_srvs/lib/python3.12/site-packages/custom_msgs_srvs/msg/_detection.py'...
-- Installing: /home/david-wang/Desktop/Projects/Wisconsin Robotics/ros2_ws/install/custom_msgs_srvs/lib/python3.12/site-packages/custom_msgs_srvs/custom_msgs_srvs_s__rosidl_typesupport_fastrtps_c.so
-- Set non-toolchain portion of runtime path of "/home/david-wang/Desktop/Projects/Wisconsin Robotics/ros2_ws/install/custom_msgs_srvs/lib/python3.12/site-packages/custom_msgs_srvs/custom_msgs_srvs_s__rosidl_typesupport_fastrtps_c.so" to ""
-- Installing: /home/david-wang/Desktop/Projects/Wisconsin Robotics/ros2_ws/install/custom_msgs_srvs/lib/python3.12/site-packages/custom_msgs_srvs/custom_msgs_srvs_s__rosidl_typesupport_introspection_c.so
-- Set non-toolchain portion of runtime path of "/home/david-wang/Desktop/Projects/Wisconsin Robotics/ros2_ws/install/custom_msgs_srvs/lib/python3.12/site-packages/custom_msgs_srvs/custom_msgs_srvs_s__rosidl_typesupport_introspection_c.so" to ""
-- Installing: /home/david-wang/Desktop/Projects/Wisconsin Robotics/ros2_ws/install/custom_msgs_srvs/lib/python3.12/site-packages/custom_msgs_srvs/custom_msgs_srvs_s__rosidl_typesupport_c.so
-- Set non-toolchain portion of runtime path of "/home/david-wang/Desktop/Projects/Wisconsin Robotics/ros2_ws/install/custom_msgs_srvs/lib/python3.12/site-packages/custom_msgs_srvs/custom_msgs_srvs_s__rosidl_typesupport_c.so" to ""
-- Installing: /home/david-wang/Desktop/Projects/Wisconsin Robotics/ros2_ws/install/custom_msgs_srvs/lib/libcustom_msgs_srvs__rosidl_generator_py.so
-- Set non-toolchain portion of runtime path of "/home/david-wang/Desktop/Projects/Wisconsin Robotics/ros2_ws/install/custom_msgs_srvs/lib/libcustom_msgs_srvs__rosidl_generator_py.so" to ""
-- Installing: /home/david-wang/Desktop/Projects/Wisconsin Robotics/ros2_ws/install/custom_msgs_srvs/share/custom_msgs_srvs/msg/Detection.idl
-- Installing: /home/david-wang/Desktop/Projects/Wisconsin Robotics/ros2_ws/install/custom_msgs_srvs/share/custom_msgs_srvs/msg/Detection.msg
-- Installing: /home/david-wang/Desktop/Projects/Wisconsin Robotics/ros2_ws/install/custom_msgs_srvs/share/ament_index/resource_index/package_run_dependencies/custom_msgs_srvs
-- Installing: /home/david-wang/Desktop/Projects/Wisconsin Robotics/ros2_ws/install/custom_msgs_srvs/share/ament_index/resource_index/parent_prefix_path/custom_msgs_srvs
-- Installing: /home/david-wang/Desktop/Projects/Wisconsin Robotics/ros2_ws/install/custom_msgs_srvs/share/custom_msgs_srvs/environment/ament_prefix_path.sh
-- Installing: /home/david-wang/Desktop/Projects/Wisconsin Robotics/ros2_ws/install/custom_msgs_srvs/share/custom_msgs_srvs/environment/ament_prefix_path.dsv
-- Installing: /home/david-wang/Desktop/Projects/Wisconsin Robotics/ros2_ws/install/custom_msgs_srvs/share/custom_msgs_srvs/environment/path.sh
-- Installing: /home/david-wang/Desktop/Projects/Wisconsin Robotics/ros2_ws/install/custom_msgs_srvs/share/custom_msgs_srvs/environment/path.dsv
-- Installing: /home/david-wang/Desktop/Projects/Wisconsin Robotics/ros2_ws/install/custom_msgs_srvs/share/custom_msgs_srvs/local_setup.bash
-- Installing: /home/david-wang/Desktop/Projects/Wisconsin Robotics/ros2_ws/install/custom_msgs_srvs/share/custom_msgs_srvs/local_setup.sh
-- Installing: /home/david-wang/Desktop/Projects/Wisconsin Robotics/ros2_ws/install/custom_msgs_srvs/share/custom_msgs_srvs/local_setup.zsh
-- Installing: /home/david-wang/Desktop/Projects/Wisconsin Robotics/ros2_ws/install/custom_msgs_srvs/share/custom_msgs_srvs/local_setup.dsv
-- Installing: /home/david-wang/Desktop/Projects/Wisconsin Robotics/ros2_ws/install/custom_msgs_srvs/share/custom_msgs_srvs/package.dsv
-- Installing: /home/david-wang/Desktop/Projects/Wisconsin Robotics/ros2_ws/install/custom_msgs_srvs/share/ament_index/resource_index/packages/custom_msgs_srvs
-- Installing: /home/david-wang/Desktop/Projects/Wisconsin Robotics/ros2_ws/install/custom_msgs_srvs/share/custom_msgs_srvs/cmake/export_custom_msgs_srvs__rosidl_generator_cExport.cmake
-- Installing: /home/david-wang/Desktop/Projects/Wisconsin Robotics/ros2_ws/install/custom_msgs_srvs/share/custom_msgs_srvs/cmake/export_custom_msgs_srvs__rosidl_generator_cExport-noconfig.cmake
-- Installing: /home/david-wang/Desktop/Projects/Wisconsin Robotics/ros2_ws/install/custom_msgs_srvs/share/custom_msgs_srvs/cmake/export_custom_msgs_srvs__rosidl_typesupport_fastrtps_cExport.cmake
-- Installing: /home/david-wang/Desktop/Projects/Wisconsin Robotics/ros2_ws/install/custom_msgs_srvs/share/custom_msgs_srvs/cmake/export_custom_msgs_srvs__rosidl_typesupport_fastrtps_cExport-noconfig.cmake
-- Installing: /home/david-wang/Desktop/Projects/Wisconsin Robotics/ros2_ws/install/custom_msgs_srvs/share/custom_msgs_srvs/cmake/custom_msgs_srvs__rosidl_typesupport_introspection_cExport.cmake
-- Installing: /home/david-wang/Desktop/Projects/Wisconsin Robotics/ros2_ws/install/custom_msgs_srvs/share/custom_msgs_srvs/cmake/custom_msgs_srvs__rosidl_typesupport_introspection_cExport-noconfig.cmake
-- Installing: /home/david-wang/Desktop/Projects/Wisconsin Robotics/ros2_ws/install/custom_msgs_srvs/share/custom_msgs_srvs/cmake/custom_msgs_srvs__rosidl_typesupport_cExport.cmake
-- Installing: /home/david-wang/Desktop/Projects/Wisconsin Robotics/ros2_ws/install/custom_msgs_srvs/share/custom_msgs_srvs/cmake/custom_msgs_srvs__rosidl_typesupport_cExport-noconfig.cmake
-- Installing: /home/david-wang/Desktop/Projects/Wisconsin Robotics/ros2_ws/install/custom_msgs_srvs/share/custom_msgs_srvs/cmake/export_custom_msgs_srvs__rosidl_generator_cppExport.cmake
-- Installing: /home/david-wang/Desktop/Projects/Wisconsin Robotics/ros2_ws/install/custom_msgs_srvs/share/custom_msgs_srvs/cmake/export_custom_msgs_srvs__rosidl_typesupport_fastrtps_cppExport.cmake
-- Installing: /home/david-wang/Desktop/Projects/Wisconsin Robotics/ros2_ws/install/custom_msgs_srvs/share/custom_msgs_srvs/cmake/export_custom_msgs_srvs__rosidl_typesupport_fastrtps_cppExport-noconfig.cmake
-- Installing: /home/david-wang/Desktop/Projects/Wisconsin Robotics/ros2_ws/install/custom_msgs_srvs/share/custom_msgs_srvs/cmake/custom_msgs_srvs__rosidl_typesupport_introspection_cppExport.cmake
-- Installing: /home/david-wang/Desktop/Projects/Wisconsin Robotics/ros2_ws/install/custom_msgs_srvs/share/custom_msgs_srvs/cmake/custom_msgs_srvs__rosidl_typesupport_introspection_cppExport-noconfig.cmake
-- Installing: /home/david-wang/Desktop/Projects/Wisconsin Robotics/ros2_ws/install/custom_msgs_srvs/share/custom_msgs_srvs/cmake/custom_msgs_srvs__rosidl_typesupport_cppExport.cmake
-- Installing: /home/david-wang/Desktop/Projects/Wisconsin Robotics/ros2_ws/install/custom_msgs_srvs/share/custom_msgs_srvs/cmake/custom_msgs_srvs__rosidl_typesupport_cppExport-noconfig.cmake
-- Installing: /home/david-wang/Desktop/Projects/Wisconsin Robotics/ros2_ws/install/custom_msgs_srvs/share/custom_msgs_srvs/cmake/export_custom_msgs_srvs__rosidl_generator_pyExport.cmake
-- Installing: /home/david-wang/Desktop/Projects/Wisconsin Robotics/ros2_ws/install/custom_msgs_srvs/share/custom_msgs_srvs/cmake/export_custom_msgs_srvs__rosidl_generator_pyExport-noconfig.cmake
-- Installing: /home/david-wang/Desktop/Projects/Wisconsin Robotics/ros2_ws/install/custom_msgs_srvs/share/custom_msgs_srvs/cmake/rosidl_cmake-extras.cmake
-- Installing: /home/david-wang/Desktop/Projects/Wisconsin Robotics/ros2_ws/install/custom_msgs_srvs/share/custom_msgs_srvs/cmake/ament_cmake_export_include_directories-extras.cmake
-- Installing: /home/david-wang/Desktop/Projects/Wisconsin Robotics/ros2_ws/install/custom_msgs_srvs/share/custom_msgs_srvs/cmake/ament_cmake_export_libraries-extras.cmake
-- Installing: /home/david-wang/Desktop/Projects/Wisconsin Robotics/ros2_ws/install/custom_msgs_srvs/share/custom_msgs_srvs/cmake/ament_cmake_export_targets-extras.cmake
-- Installing: /home/david-wang/Desktop/Projects/Wisconsin Robotics/ros2_ws/install/custom_msgs_srvs/share/custom_msgs_srvs/cmake/rosidl_cmake_export_typesupport_targets-extras.cmake
-- Installing: /home/david-wang/Desktop/Projects/Wisconsin Robotics/ros2_ws/install/custom_msgs_srvs/share/custom_msgs_srvs/cmake/ament_cmake_export_dependencies-extras.cmake
-- Installing: /home/david-wang/Desktop/Projects/Wisconsin Robotics/ros2_ws/install/custom_msgs_srvs/share/custom_msgs_srvs/cmake/rosidl_cmake_export_typesupport_libraries-extras.cmake
-- Installing: /home/david-wang/Desktop/Projects/Wisconsin Robotics/ros2_ws/install/custom_msgs_srvs/share/custom_msgs_srvs/cmake/custom_msgs_srvsConfig.cmake
-- Installing: /home/david-wang/Desktop/Projects/Wisconsin Robotics/ros2_ws/install/custom_msgs_srvs/share/custom_msgs_srvs/cmake/custom_msgs_srvsConfig-version.cmake
-- Installing: /home/david-wang/Desktop/Projects/Wisconsin Robotics/ros2_ws/install/custom_msgs_srvs/share/custom_msgs_srvs/package.xml
