[0.464s] Invoking command in '/home/david-wang/Desktop/Projects/Wisconsin Robotics/ros2_ws/src/object_detection_package': DEBUGINFOD_URLS=https://debuginfod.ubuntu.com PS1=(.venv) \[\e]0;\u@\h: \w\a\]${debian_chroot:+($debian_chroot)}\[\033[01;32m\]\u@\h\[\033[00m\]:\[\033[01;34m\]\w\[\033[00m\]\$ PYTHONPATH=/home/david-wang/Desktop/Projects/Wisconsin Robotics/ros2_ws/build/object_detection_package/prefix_override:/usr/lib/python3/dist-packages/colcon_core/task/python/colcon_distutils_commands:/home/david-wang/Desktop/Projects/Wisconsin Robotics/ros2_ws/install/object_detection_package/lib/python3.12/site-packages:${PYTHONPATH} VIRTUAL_ENV_PROMPT=(.venv) /usr/bin/python3 -W ignore:setup.py install is deprecated -W ignore:easy_install command is deprecated setup.py egg_info --egg-base ../../build/object_detection_package build --build-base /home/david-wang/Desktop/Projects/Wisconsin Robotics/ros2_ws/build/object_detection_package/build install --record /home/david-wang/Desktop/Projects/Wisconsin Robotics/ros2_ws/build/object_detection_package/install.log --single-version-externally-managed install_data
[0.603s] running egg_info
[0.611s] writing ../../build/object_detection_package/object_detection_package.egg-info/PKG-INFO
[0.611s] writing dependency_links to ../../build/object_detection_package/object_detection_package.egg-info/dependency_links.txt
[0.611s] writing entry points to ../../build/object_detection_package/object_detection_package.egg-info/entry_points.txt
[0.611s] writing requirements to ../../build/object_detection_package/object_detection_package.egg-info/requires.txt
[0.611s] writing top-level names to ../../build/object_detection_package/object_detection_package.egg-info/top_level.txt
[0.628s] reading manifest file '../../build/object_detection_package/object_detection_package.egg-info/SOURCES.txt'
[0.628s] adding license file 'LICENSE'
[0.629s] writing manifest file '../../build/object_detection_package/object_detection_package.egg-info/SOURCES.txt'
[0.629s] running build
[0.629s] running build_py
[0.629s] copying object_detection_package/yolo_detection.py -> /home/david-wang/Desktop/Projects/Wisconsin Robotics/ros2_ws/build/object_detection_package/build/lib/object_detection_package
[0.629s] running install
[0.633s] running install_lib
[0.641s] copying /home/david-wang/Desktop/Projects/Wisconsin Robotics/ros2_ws/build/object_detection_package/build/lib/object_detection_package/yolo_detection.py -> /home/david-wang/Desktop/Projects/Wisconsin Robotics/ros2_ws/install/object_detection_package/lib/python3.12/site-packages/object_detection_package
[0.641s] byte-compiling /home/david-wang/Desktop/Projects/Wisconsin Robotics/ros2_ws/install/object_detection_package/lib/python3.12/site-packages/object_detection_package/yolo_detection.py to yolo_detection.cpython-312.pyc
[0.642s] running install_data
[0.642s] running install_egg_info
[0.651s] removing '/home/david-wang/Desktop/Projects/Wisconsin Robotics/ros2_ws/install/object_detection_package/lib/python3.12/site-packages/object_detection_package-0.0.0-py3.12.egg-info' (and everything under it)
[0.651s] Copying ../../build/object_detection_package/object_detection_package.egg-info to /home/david-wang/Desktop/Projects/Wisconsin Robotics/ros2_ws/install/object_detection_package/lib/python3.12/site-packages/object_detection_package-0.0.0-py3.12.egg-info
[0.652s] running install_scripts
[0.718s] Installing yolo_detection script to /home/david-wang/Desktop/Projects/Wisconsin Robotics/ros2_ws/install/object_detection_package/lib/object_detection_package
[0.718s] writing list of installed files to '/home/david-wang/Desktop/Projects/Wisconsin Robotics/ros2_ws/build/object_detection_package/install.log'
[0.739s] Invoked command in '/home/david-wang/Desktop/Projects/Wisconsin Robotics/ros2_ws/src/object_detection_package' returned '0': DEBUGINFOD_URLS=https://debuginfod.ubuntu.com PS1=(.venv) \[\e]0;\u@\h: \w\a\]${debian_chroot:+($debian_chroot)}\[\033[01;32m\]\u@\h\[\033[00m\]:\[\033[01;34m\]\w\[\033[00m\]\$ PYTHONPATH=/home/david-wang/Desktop/Projects/Wisconsin Robotics/ros2_ws/build/object_detection_package/prefix_override:/usr/lib/python3/dist-packages/colcon_core/task/python/colcon_distutils_commands:/home/david-wang/Desktop/Projects/Wisconsin Robotics/ros2_ws/install/object_detection_package/lib/python3.12/site-packages:${PYTHONPATH} VIRTUAL_ENV_PROMPT=(.venv) /usr/bin/python3 -W ignore:setup.py install is deprecated -W ignore:easy_install command is deprecated setup.py egg_info --egg-base ../../build/object_detection_package build --build-base /home/david-wang/Desktop/Projects/Wisconsin Robotics/ros2_ws/build/object_detection_package/build install --record /home/david-wang/Desktop/Projects/Wisconsin Robotics/ros2_ws/build/object_detection_package/install.log --single-version-externally-managed install_data
