[0.014s] Invoking command in '/home/david-wang/Desktop/Projects/Wisconsin Robotics/ros2_ws/src/custom_msgs_srvs/build/custom_msgs_srvs': DEBUGINFOD_URLS=https://debuginfod.ubuntu.com /usr/bin/cmake /home/david-wang/Desktop/Projects/Wisconsin Robotics/ros2_ws/src/custom_msgs_srvs -DCMAKE_INSTALL_PREFIX=/home/david-wang/Desktop/Projects/Wisconsin Robotics/ros2_ws/src/custom_msgs_srvs/install/custom_msgs_srvs
[0.043s] [31mCMake Error at CMakeLists.txt:9 (find_package):
[0.044s]   By not providing "Findament_cmake.cmake" in CMAKE_MODULE_PATH this project
[0.044s]   has asked CMake to find a package configuration file provided by
[0.044s]   "ament_cmake", but CMake did not find one.
[0.044s] 
[0.044s]   Could not find a package configuration file provided by "ament_cmake" with
[0.044s]   any of the following names:
[0.044s] 
[0.044s]     ament_cmakeConfig.cmake
[0.044s]     ament_cmake-config.cmake
[0.045s] 
[0.045s]   Add the installation prefix of "ament_cmake" to CMAKE_PREFIX_PATH or set
[0.045s]   "ament_cmake_DIR" to a directory containing one of the above files.  If
[0.045s]   "ament_cmake" provides a separate development package or SDK, be sure it
[0.045s]   has been installed.
[0.045s] 
[0.045s] [0m
[0.045s] -- Configuring incomplete, errors occurred!
[0.047s] Invoked command in '/home/david-wang/Desktop/Projects/Wisconsin Robotics/ros2_ws/src/custom_msgs_srvs/build/custom_msgs_srvs' returned '1': DEBUGINFOD_URLS=https://debuginfod.ubuntu.com /usr/bin/cmake /home/david-wang/Desktop/Projects/Wisconsin Robotics/ros2_ws/src/custom_msgs_srvs -DCMAKE_INSTALL_PREFIX=/home/david-wang/Desktop/Projects/Wisconsin Robotics/ros2_ws/src/custom_msgs_srvs/install/custom_msgs_srvs
